<?xml version="1.0" encoding="UTF-8"?>
<testng-results ignored="0" total="2" passed="2" failed="0" skipped="0">
  <reporter-output>
  </reporter-output>
  <suite started-at="2025-01-22T20:21:11 IST" name="groupingcase" finished-at="2025-01-22T20:21:11 IST" duration-ms="95">
    <groups>
      <group name="functional">
        <method signature="PasswordTests.passwordByEmail()[pri:1, instance:Day44.PasswordTests@4681c175]" name="passwordByEmail" class="Day44.PasswordTests"/>
        <method signature="PasswordTests.passwordFacebook()[pri:2, instance:Day44.PasswordTests@4681c175]" name="passwordFacebook" class="Day44.PasswordTests"/>
      </group> <!-- functional -->
      <group name="regression">
        <method signature="PasswordTests.passwordByEmail()[pri:1, instance:Day44.PasswordTests@4681c175]" name="passwordByEmail" class="Day44.PasswordTests"/>
        <method signature="PasswordTests.passwordFacebook()[pri:2, instance:Day44.PasswordTests@4681c175]" name="passwordFacebook" class="Day44.PasswordTests"/>
      </group> <!-- regression -->
      <group name="sanity">
        <method signature="PasswordTests.passwordByEmail()[pri:1, instance:Day44.PasswordTests@4681c175]" name="passwordByEmail" class="Day44.PasswordTests"/>
        <method signature="PasswordTests.passwordFacebook()[pri:2, instance:Day44.PasswordTests@4681c175]" name="passwordFacebook" class="Day44.PasswordTests"/>
      </group> <!-- sanity -->
    </groups>
    <test started-at="2025-01-22T20:21:11 IST" name="groups by value" finished-at="2025-01-22T20:21:11 IST" duration-ms="95">
      <class name="Day44.PasswordTests">
        <test-method signature="passwordByEmail()[pri:1, instance:Day44.PasswordTests@4681c175]" started-at="2025-01-22T20:21:11 IST" name="passwordByEmail" finished-at="2025-01-22T20:21:11 IST" duration-ms="8" status="PASS">
          <reporter-output>
          </reporter-output>
        </test-method> <!-- passwordByEmail -->
        <test-method signature="passwordFacebook()[pri:2, instance:Day44.PasswordTests@4681c175]" started-at="2025-01-22T20:21:11 IST" name="passwordFacebook" finished-at="2025-01-22T20:21:11 IST" duration-ms="1" status="PASS">
          <reporter-output>
          </reporter-output>
        </test-method> <!-- passwordFacebook -->
      </class> <!-- Day44.PasswordTests -->
    </test> <!-- groups by value -->
  </suite> <!-- groupingcase -->
</testng-results>
