<?xml version="1.0" encoding="UTF-8"?>
<!-- Generated by org.testng.reporters.JUnitXMLReporter -->
<testsuite ignored="6" hostname="INLEN8520068779" failures="0" tests="2" name="groups by value" time="0.095" errors="0" timestamp="2025-01-22T20:21:11 IST">
  <testcase classname="Day44.PasswordTests" name="passwordByEmail" time="0.008"/>
  <testcase classname="Day44.PasswordTests" name="passwordFacebook" time="0.001"/>
  <testcase classname="Day44.loginTests" name="loginByEmail" time="0.0">
    <ignored/>
  </testcase> <!-- loginByEmail -->
  <testcase classname="Day44.SignUpTests" name="signupByEmail" time="0.0">
    <ignored/>
  </testcase> <!-- signupByEmail -->
  <testcase classname="Day44.SignUpTests" name="signuplogintwitter" time="0.0">
    <ignored/>
  </testcase> <!-- signuplogintwitter -->
  <testcase classname="Day44.SignUpTests" name="signupFacebook" time="0.0">
    <ignored/>
  </testcase> <!-- signupFacebook -->
  <testcase classname="Day44.loginTests" name="loginFacebook" time="0.0">
    <ignored/>
  </testcase> <!-- loginFacebook -->
  <testcase classname="Day44.loginTests" name="logintwitter" time="0.0">
    <ignored/>
  </testcase> <!-- logintwitter -->
</testsuite> <!-- groups by value -->
