<?xml version="1.0" encoding="UTF-8"?>
<!-- Generated by org.testng.reporters.JUnitXMLReporter -->
<testsuite ignored="0" hostname="INLEN8520068779" failures="0" tests="3" name="Default test" time="0.107" errors="0" timestamp="2025-01-13T14:54:15 IST">
  <testcase classname="Day43.AllAnnotations" name="abc" time="0.007"/>
  <testcase classname="Day43.AllAnnotations" name="xyz" time="0.001"/>
  <testcase classname="Day43.AllAnnotations" name="aaa" time="0.002"/>
</testsuite> <!-- Default test -->
